<?xml version="1.0" encoding="UTF-8"?>
<!-- Generated by org.testng.reporters.JUnitXMLReporter -->
<testsuite ignored="0" hostname="Maddy.local" failures="1" tests="10" name="FreeCRM Test Cases" time="46.951" errors="0" timestamp="09 Mar 2018 06:35:13 GMT">
  <testcase classname="com.freecrm.tests.ContactsPageTest" name="@BeforeMethod setUp" time="4.615">
    <failure type="org.openqa.selenium.NoSuchSessionException" message="Session ID is null. Using WebDriver after calling quit()?
Build info: version: &amp;apos;3.5.3&amp;apos;, revision: &amp;apos;a88d25fe6b&amp;apos;, time: &amp;apos;2017-08-29T12:42:44.417Z&amp;apos;
System info: host: &amp;apos;Maddy.local&amp;apos;, ip: &amp;apos;fe80:0:0:0:839:1aaa:1ff3:2036%en0&amp;apos;, os.name: &amp;apos;Mac OS X&amp;apos;, os.arch: &amp;apos;x86_64&amp;apos;, os.version: &amp;apos;10.13.3&amp;apos;, java.version: &amp;apos;9.0.4&amp;apos;
Driver info: driver.version: EventFiringWebDriver">
      <![CDATA[org.openqa.selenium.NoSuchSessionException: Session ID is null. Using WebDriver after calling quit()?
Build info: version: '3.5.3', revision: 'a88d25fe6b', time: '2017-08-29T12:42:44.417Z'
System info: host: 'Maddy.local', ip: 'fe80:0:0:0:839:1aaa:1ff3:2036%en0', os.name: 'Mac OS X', os.arch: 'x86_64', os.version: '10.13.3', java.version: '9.0.4'
Driver info: driver.version: EventFiringWebDriver
	at org.openqa.selenium.remote.HttpCommandExecutor.execute(HttpCommandExecutor.java:131)
	at org.openqa.selenium.remote.service.DriverCommandExecutor.execute(DriverCommandExecutor.java:82)
	at org.openqa.selenium.remote.RemoteWebDriver.execute(RemoteWebDriver.java:646)
	at org.openqa.selenium.remote.RemoteWebDriver.executeScript(RemoteWebDriver.java:582)
	at org.openqa.selenium.support.events.EventFiringWebDriver$2.invoke(EventFiringWebDriver.java:105)
	at com.sun.proxy.$Proxy12.executeScript(Unknown Source)
	at org.openqa.selenium.support.events.EventFiringWebDriver.executeScript(EventFiringWebDriver.java:218)
	at com.freecrm.util.JavaScriptExecutorUtility.changeColor(JavaScriptExecutorUtility.java:21)
	at com.freecrm.util.JavaScriptExecutorUtility.flash(JavaScriptExecutorUtility.java:15)
	at com.freecrm.pages.LoginPage.login(LoginPage.java:48)
	at com.freecrm.tests.ContactsPageTest.setUp(ContactsPageTest.java:29)
... Removed 30 stack frames]]>
    </failure>
  </testcase> <!-- @BeforeMethod setUp -->
  <testcase classname="com.freecrm.tests.ContactsPageTest" name="@BeforeMethod setUp" time="0.0">
    <skipped/>
  </testcase> <!-- @BeforeMethod setUp -->
  <testcase classname="com.freecrm.tests.ContactsPageTest" name="@BeforeMethod setUp" time="0.0">
    <skipped/>
  </testcase> <!-- @BeforeMethod setUp -->
  <testcase classname="com.freecrm.tests.HomePageTest" name="@BeforeMethod setUp" time="5.217">
    <failure type="org.openqa.selenium.NoSuchSessionException" message="Session ID is null. Using WebDriver after calling quit()?
Build info: version: &amp;apos;3.5.3&amp;apos;, revision: &amp;apos;a88d25fe6b&amp;apos;, time: &amp;apos;2017-08-29T12:42:44.417Z&amp;apos;
System info: host: &amp;apos;Maddy.local&amp;apos;, ip: &amp;apos;fe80:0:0:0:839:1aaa:1ff3:2036%en0&amp;apos;, os.name: &amp;apos;Mac OS X&amp;apos;, os.arch: &amp;apos;x86_64&amp;apos;, os.version: &amp;apos;10.13.3&amp;apos;, java.version: &amp;apos;9.0.4&amp;apos;
Driver info: driver.version: EventFiringWebDriver">
      <![CDATA[org.openqa.selenium.NoSuchSessionException: Session ID is null. Using WebDriver after calling quit()?
Build info: version: '3.5.3', revision: 'a88d25fe6b', time: '2017-08-29T12:42:44.417Z'
System info: host: 'Maddy.local', ip: 'fe80:0:0:0:839:1aaa:1ff3:2036%en0', os.name: 'Mac OS X', os.arch: 'x86_64', os.version: '10.13.3', java.version: '9.0.4'
Driver info: driver.version: EventFiringWebDriver
	at org.openqa.selenium.remote.HttpCommandExecutor.execute(HttpCommandExecutor.java:131)
	at org.openqa.selenium.remote.service.DriverCommandExecutor.execute(DriverCommandExecutor.java:82)
	at org.openqa.selenium.remote.RemoteWebDriver.execute(RemoteWebDriver.java:646)
	at org.openqa.selenium.remote.RemoteWebDriver.executeScript(RemoteWebDriver.java:582)
	at org.openqa.selenium.support.events.EventFiringWebDriver$2.invoke(EventFiringWebDriver.java:105)
	at com.sun.proxy.$Proxy12.executeScript(Unknown Source)
	at org.openqa.selenium.support.events.EventFiringWebDriver.executeScript(EventFiringWebDriver.java:218)
	at com.freecrm.util.JavaScriptExecutorUtility.changeColor(JavaScriptExecutorUtility.java:21)
	at com.freecrm.util.JavaScriptExecutorUtility.flash(JavaScriptExecutorUtility.java:15)
	at com.freecrm.pages.LoginPage.login(LoginPage.java:48)
	at com.freecrm.tests.HomePageTest.setUp(HomePageTest.java:27)
... Removed 30 stack frames]]>
    </failure>
  </testcase> <!-- @BeforeMethod setUp -->
  <testcase classname="com.freecrm.tests.HomePageTest" name="@BeforeMethod setUp" time="0.0">
    <skipped/>
  </testcase> <!-- @BeforeMethod setUp -->
  <testcase classname="com.freecrm.tests.ContactsPageTest" name="createNewContactTest" time="2.566"/>
  <testcase classname="com.freecrm.tests.ContactsPageTest" name="createNewContactTest" time="0.0">
    <skipped/>
  </testcase> <!-- createNewContactTest -->
  <testcase classname="com.freecrm.tests.ContactsPageTest" name="createNewContactTest" time="0.0">
    <skipped/>
  </testcase> <!-- createNewContactTest -->
  <testcase classname="com.freecrm.tests.ContactsPageTest" name="verifyContactsLabel" time="0.0">
    <skipped/>
  </testcase> <!-- verifyContactsLabel -->
  <testcase classname="com.freecrm.tests.HomePageTest" name="logoTest" time="0.0">
    <skipped/>
  </testcase> <!-- logoTest -->
  <testcase classname="com.freecrm.tests.HomePageTest" name="verifyContactLinkTest" time="0.0">
    <skipped/>
  </testcase> <!-- verifyContactLinkTest -->
  <testcase classname="com.freecrm.tests.LoginPageTest" name="loginTest" time="1.476">
    <skipped/>
  </testcase> <!-- loginTest -->
  <testcase classname="com.freecrm.tests.LoginPageTest" name="loginTest" time="0.88">
    <skipped/>
  </testcase> <!-- loginTest -->
  <testcase classname="com.freecrm.tests.LoginPageTest" name="loginTest" time="0.874">
    <skipped/>
  </testcase> <!-- loginTest -->
  <testcase classname="com.freecrm.tests.LoginPageTest" name="loginTest" time="0.884">
    <failure type="org.openqa.selenium.NoSuchSessionException" message="Session ID is null. Using WebDriver after calling quit()?
Build info: version: &amp;apos;3.5.3&amp;apos;, revision: &amp;apos;a88d25fe6b&amp;apos;, time: &amp;apos;2017-08-29T12:42:44.417Z&amp;apos;
System info: host: &amp;apos;Maddy.local&amp;apos;, ip: &amp;apos;fe80:0:0:0:839:1aaa:1ff3:2036%en0&amp;apos;, os.name: &amp;apos;Mac OS X&amp;apos;, os.arch: &amp;apos;x86_64&amp;apos;, os.version: &amp;apos;10.13.3&amp;apos;, java.version: &amp;apos;9.0.4&amp;apos;
Driver info: driver.version: EventFiringWebDriver">
      <![CDATA[org.openqa.selenium.NoSuchSessionException: Session ID is null. Using WebDriver after calling quit()?
Build info: version: '3.5.3', revision: 'a88d25fe6b', time: '2017-08-29T12:42:44.417Z'
System info: host: 'Maddy.local', ip: 'fe80:0:0:0:839:1aaa:1ff3:2036%en0', os.name: 'Mac OS X', os.arch: 'x86_64', os.version: '10.13.3', java.version: '9.0.4'
Driver info: driver.version: EventFiringWebDriver
	at org.openqa.selenium.remote.HttpCommandExecutor.execute(HttpCommandExecutor.java:131)
	at org.openqa.selenium.remote.service.DriverCommandExecutor.execute(DriverCommandExecutor.java:82)
	at org.openqa.selenium.remote.RemoteWebDriver.execute(RemoteWebDriver.java:646)
	at org.openqa.selenium.remote.RemoteWebDriver.executeScript(RemoteWebDriver.java:582)
	at org.openqa.selenium.support.events.EventFiringWebDriver$2.invoke(EventFiringWebDriver.java:105)
	at com.sun.proxy.$Proxy12.executeScript(Unknown Source)
	at org.openqa.selenium.support.events.EventFiringWebDriver.executeScript(EventFiringWebDriver.java:218)
	at com.freecrm.util.JavaScriptExecutorUtility.changeColor(JavaScriptExecutorUtility.java:21)
	at com.freecrm.util.JavaScriptExecutorUtility.flash(JavaScriptExecutorUtility.java:15)
	at com.freecrm.pages.LoginPage.login(LoginPage.java:48)
	at com.freecrm.tests.LoginPageTest.loginTest(LoginPageTest.java:58)
... Removed 28 stack frames]]>
    </failure>
  </testcase> <!-- loginTest -->
</testsuite> <!-- FreeCRM Test Cases -->
